2024-02-15 12:25:44.758 | INFO     | test:run_experiment:29 - Running experiments with 4 different parameter combinations and 1 iterations.
2024-02-15 12:25:44.761 | INFO     | test:run_experiment:50 - Training model with {'hidden_dim': 32, 'num_conv_layer': 3, 'num_linear_layers': 2, 'conv_type': 'transformer', 'pooling': 'mean', 'batch_size': 128, 'task_type': 'multiclass', 'dataset': 'ieee118'}
2024-02-15 12:25:46.163 | INFO     | test:run_experiment:52 - Dataset characteristics: {'num_node_features': 3, 'num_edge_features': 4, 'num_classes': 4, 'unique_labels': [0, 1, 2, 3], 'counts': [10, 876, 301, 13813], 'dataset': 'ieee118'}
2024-02-15 12:25:53.173 | INFO     | test:run_experiment:29 - Running experiments with 4 different parameter combinations and 1 iterations.
2024-02-15 12:25:53.173 | INFO     | test:run_experiment:29 - Running experiments with 4 different parameter combinations and 1 iterations.
2024-02-15 12:25:53.176 | INFO     | test:run_experiment:50 - Training model with {'hidden_dim': 32, 'num_conv_layer': 3, 'num_linear_layers': 2, 'conv_type': 'transformer', 'pooling': 'mean', 'batch_size': 128, 'task_type': 'multiclass', 'dataset': 'ieee118'}
2024-02-15 12:25:53.176 | INFO     | test:run_experiment:50 - Training model with {'hidden_dim': 32, 'num_conv_layer': 3, 'num_linear_layers': 2, 'conv_type': 'transformer', 'pooling': 'mean', 'batch_size': 128, 'task_type': 'multiclass', 'dataset': 'ieee118'}
2024-02-15 12:25:54.621 | INFO     | test:run_experiment:52 - Dataset characteristics: {'num_node_features': 3, 'num_edge_features': 4, 'num_classes': 4, 'unique_labels': [0, 1, 2, 3], 'counts': [10, 876, 301, 13813], 'dataset': 'ieee118'}
2024-02-15 12:25:54.621 | INFO     | test:run_experiment:52 - Dataset characteristics: {'num_node_features': 3, 'num_edge_features': 4, 'num_classes': 4, 'unique_labels': [0, 1, 2, 3], 'counts': [10, 876, 301, 13813], 'dataset': 'ieee118'}
2024-02-15 12:26:14.032 | INFO     | test:run_experiment:29 - Running experiments with 4 different parameter combinations and 1 iterations.
2024-02-15 12:26:14.035 | INFO     | test:run_experiment:50 - Training model with {'hidden_dim': 32, 'num_conv_layer': 3, 'num_linear_layers': 2, 'conv_type': 'transformer', 'pooling': 'mean', 'batch_size': 128, 'task_type': 'multiclass', 'dataset': 'ieee118'}
2024-02-15 12:26:15.235 | INFO     | test:run_experiment:52 - Dataset characteristics: {'num_node_features': 3, 'num_edge_features': 4, 'num_classes': 4, 'unique_labels': [0, 1, 2, 3], 'counts': [10, 876, 301, 13813], 'dataset': 'ieee118'}
2024-02-15 12:26:43.720 | INFO     | test:run_experiment:29 - Running experiments with 4 different parameter combinations and 1 iterations.
2024-02-15 12:26:43.721 | INFO     | test:run_experiment:50 - Training model with {'hidden_dim': 32, 'num_conv_layer': 3, 'num_linear_layers': 2, 'conv_type': 'transformer', 'pooling': 'mean', 'batch_size': 128, 'task_type': 'multiclass', 'dataset': 'ieee118'}
2024-02-15 12:26:44.941 | INFO     | test:run_experiment:52 - Dataset characteristics: {'num_node_features': 3, 'num_edge_features': 4, 'num_classes': 4, 'unique_labels': [0, 1, 2, 3], 'counts': [10, 876, 301, 13813], 'dataset': 'ieee118'}
2024-02-15 12:26:52.634 | INFO     | trainer:evaluate_model:255 - TEST results: {'accuracy': 0.9724, 'balanced_accuracy': 0.9062186273167451, 'sensitivity': 0.9724, 'specificity': 0, 'precision': 0.988280940345899, 'recall': 0.9724, 'f1': 0.9791992028638097}
2024-02-15 12:26:52.636 | INFO     | test:run_experiment:50 - Training model with {'hidden_dim': 32, 'num_conv_layer': 3, 'num_linear_layers': 2, 'conv_type': 'transformer', 'pooling': 'mean', 'batch_size': 128, 'task_type': 'multiclass', 'dataset': 'ieee39'}
2024-02-15 12:26:52.801 | INFO     | test:run_experiment:52 - Dataset characteristics: {'num_node_features': 3, 'num_edge_features': 4, 'num_classes': 4, 'unique_labels': [0, 1, 2, 3], 'counts': [72, 115, 48, 3065], 'dataset': 'ieee39'}
2024-02-15 12:26:53.882 | INFO     | trainer:evaluate_model:255 - TEST results: {'accuracy': 0.9484848484848485, 'balanced_accuracy': 0.8174398450244698, 'sensitivity': 0.9484848484848485, 'specificity': 0, 'precision': 0.9650242471302699, 'recall': 0.9484848484848485, 'f1': 0.9549014881554885}
2024-02-15 12:26:53.884 | INFO     | test:run_experiment:50 - Training model with {'hidden_dim': 32, 'num_conv_layer': 3, 'num_linear_layers': 2, 'conv_type': 'transformer', 'pooling': 'mean', 'batch_size': 128, 'task_type': 'binary', 'dataset': 'ieee118'}
2024-02-15 12:26:54.969 | INFO     | test:run_experiment:52 - Dataset characteristics: {'num_node_features': 3, 'num_edge_features': 4, 'num_classes': 2, 'unique_labels': [0, 1], 'counts': [14114, 886], 'dataset': 'ieee118'}
2024-02-15 12:27:01.842 | INFO     | trainer:evaluate:152 - TP: 872, TN: 13971, FP: 143, FN: 14
2024-02-15 12:27:01.897 | INFO     | trainer:evaluate_model:255 - TEST results: {'accuracy': 0.9895333333333334, 'balanced_accuracy': 0.9870334307769913, 'sensitivity': 0.9841986455981941, 'specificity': 0.9898682159557886, 'precision': 0.8591133004926108, 'recall': 0.9841986455981941, 'f1': 0.9174118884797475, 'TP': 872, 'TN': 13971, 'FP': 143, 'FN': 14}
2024-02-15 12:27:01.899 | INFO     | test:run_experiment:50 - Training model with {'hidden_dim': 32, 'num_conv_layer': 3, 'num_linear_layers': 2, 'conv_type': 'transformer', 'pooling': 'mean', 'batch_size': 128, 'task_type': 'binary', 'dataset': 'ieee39'}
2024-02-15 12:27:02.066 | INFO     | test:run_experiment:52 - Dataset characteristics: {'num_node_features': 3, 'num_edge_features': 4, 'num_classes': 2, 'unique_labels': [0, 1], 'counts': [3113, 187], 'dataset': 'ieee39'}
2024-02-15 12:27:03.534 | INFO     | trainer:evaluate:152 - TP: 183, TN: 3022, FP: 91, FN: 4
2024-02-15 12:27:03.550 | INFO     | trainer:evaluate_model:255 - TEST results: {'accuracy': 0.9712121212121212, 'balanced_accuracy': 0.9746886869106781, 'sensitivity': 0.9786096256684492, 'specificity': 0.9707677481529071, 'precision': 0.6678832116788321, 'recall': 0.9786096256684492, 'f1': 0.7939262472885033, 'TP': 183, 'TN': 3022, 'FP': 91, 'FN': 4}
2024-02-15 12:30:04.215 | INFO     | test:run_experiment:26 - Running experiments with 4 different parameter combinations and 1 iterations.
2024-02-15 12:30:04.218 | INFO     | test:run_experiment:47 - Training model with {'hidden_dim': 32, 'num_conv_layer': 3, 'num_linear_layers': 2, 'conv_type': 'transformer', 'pooling': 'mean', 'batch_size': 128, 'task_type': 'multiclass', 'dataset': 'ieee118'}
2024-02-15 12:30:05.423 | INFO     | test:run_experiment:49 - Dataset characteristics: {'num_node_features': 3, 'num_edge_features': 4, 'num_classes': 4, 'unique_labels': [0, 1, 2, 3], 'counts': [10, 876, 301, 13813], 'dataset': 'ieee118'}
2024-02-15 12:30:12.326 | INFO     | trainer:evaluate_model:255 - TEST results: {'accuracy': 0.9724, 'balanced_accuracy': 0.9062186273167451, 'sensitivity': 0.9724, 'specificity': 0, 'precision': 0.988280940345899, 'recall': 0.9724, 'f1': 0.9791992028638097}
2024-02-15 12:30:12.328 | INFO     | test:run_experiment:47 - Training model with {'hidden_dim': 32, 'num_conv_layer': 3, 'num_linear_layers': 2, 'conv_type': 'transformer', 'pooling': 'mean', 'batch_size': 128, 'task_type': 'multiclass', 'dataset': 'ieee39'}
2024-02-15 12:30:12.498 | INFO     | test:run_experiment:49 - Dataset characteristics: {'num_node_features': 3, 'num_edge_features': 4, 'num_classes': 4, 'unique_labels': [0, 1, 2, 3], 'counts': [72, 115, 48, 3065], 'dataset': 'ieee39'}
2024-02-15 12:30:13.894 | INFO     | trainer:evaluate_model:255 - TEST results: {'accuracy': 0.9484848484848485, 'balanced_accuracy': 0.8174398450244698, 'sensitivity': 0.9484848484848485, 'specificity': 0, 'precision': 0.9650242471302699, 'recall': 0.9484848484848485, 'f1': 0.9549014881554885}
2024-02-15 12:30:13.897 | INFO     | test:run_experiment:47 - Training model with {'hidden_dim': 32, 'num_conv_layer': 3, 'num_linear_layers': 2, 'conv_type': 'transformer', 'pooling': 'mean', 'batch_size': 128, 'task_type': 'binary', 'dataset': 'ieee118'}
2024-02-15 12:30:15.052 | INFO     | test:run_experiment:49 - Dataset characteristics: {'num_node_features': 3, 'num_edge_features': 4, 'num_classes': 2, 'unique_labels': [0, 1], 'counts': [14114, 886], 'dataset': 'ieee118'}
2024-02-15 12:30:21.646 | INFO     | trainer:evaluate:152 - TP: 872, TN: 13971, FP: 143, FN: 14
2024-02-15 12:30:21.702 | INFO     | trainer:evaluate_model:255 - TEST results: {'accuracy': 0.9895333333333334, 'balanced_accuracy': 0.9870334307769913, 'sensitivity': 0.9841986455981941, 'specificity': 0.9898682159557886, 'precision': 0.8591133004926108, 'recall': 0.9841986455981941, 'f1': 0.9174118884797475, 'TP': 872, 'TN': 13971, 'FP': 143, 'FN': 14}
2024-02-15 12:30:21.703 | INFO     | test:run_experiment:47 - Training model with {'hidden_dim': 32, 'num_conv_layer': 3, 'num_linear_layers': 2, 'conv_type': 'transformer', 'pooling': 'mean', 'batch_size': 128, 'task_type': 'binary', 'dataset': 'ieee39'}
2024-02-15 12:30:21.872 | INFO     | test:run_experiment:49 - Dataset characteristics: {'num_node_features': 3, 'num_edge_features': 4, 'num_classes': 2, 'unique_labels': [0, 1], 'counts': [3113, 187], 'dataset': 'ieee39'}
2024-02-15 12:30:23.021 | INFO     | trainer:evaluate:152 - TP: 183, TN: 3022, FP: 91, FN: 4
2024-02-15 12:30:23.036 | INFO     | trainer:evaluate_model:255 - TEST results: {'accuracy': 0.9712121212121212, 'balanced_accuracy': 0.9746886869106781, 'sensitivity': 0.9786096256684492, 'specificity': 0.9707677481529071, 'precision': 0.6678832116788321, 'recall': 0.9786096256684492, 'f1': 0.7939262472885033, 'TP': 183, 'TN': 3022, 'FP': 91, 'FN': 4}
2024-02-15 12:31:01.215 | INFO     | test:run_experiment:26 - Running experiments with 4 different parameter combinations and 1 iterations.
2024-02-15 12:31:01.220 | INFO     | test:run_experiment:47 - Training model with {'hidden_dim': 32, 'num_conv_layer': 3, 'num_linear_layers': 2, 'conv_type': 'transformer', 'pooling': 'mean', 'batch_size': 128, 'task_type': 'multiclass', 'dataset': 'ieee118'}
2024-02-15 12:31:02.472 | INFO     | test:run_experiment:49 - Dataset characteristics: {'num_node_features': 3, 'num_edge_features': 4, 'num_classes': 4, 'unique_labels': [0, 1, 2, 3], 'counts': [10, 876, 301, 13813], 'dataset': 'ieee118'}
2024-02-15 12:31:10.411 | INFO     | trainer:evaluate_model:255 - TEST results: {'accuracy': 0.9724, 'balanced_accuracy': 0.9062186273167451, 'sensitivity': 0.9724, 'specificity': 0, 'precision': 0.988280940345899, 'recall': 0.9724, 'f1': 0.9791992028638097}
2024-02-15 12:31:10.414 | INFO     | test:run_experiment:47 - Training model with {'hidden_dim': 32, 'num_conv_layer': 3, 'num_linear_layers': 2, 'conv_type': 'transformer', 'pooling': 'mean', 'batch_size': 128, 'task_type': 'multiclass', 'dataset': 'ieee39'}
2024-02-15 12:31:10.592 | INFO     | test:run_experiment:49 - Dataset characteristics: {'num_node_features': 3, 'num_edge_features': 4, 'num_classes': 4, 'unique_labels': [0, 1, 2, 3], 'counts': [72, 115, 48, 3065], 'dataset': 'ieee39'}
2024-02-15 12:31:11.904 | INFO     | trainer:evaluate_model:255 - TEST results: {'accuracy': 0.9484848484848485, 'balanced_accuracy': 0.8174398450244698, 'sensitivity': 0.9484848484848485, 'specificity': 0, 'precision': 0.9650242471302699, 'recall': 0.9484848484848485, 'f1': 0.9549014881554885}
2024-02-15 12:31:11.905 | INFO     | test:run_experiment:47 - Training model with {'hidden_dim': 32, 'num_conv_layer': 3, 'num_linear_layers': 2, 'conv_type': 'transformer', 'pooling': 'mean', 'batch_size': 128, 'task_type': 'binary', 'dataset': 'ieee118'}
2024-02-15 12:31:12.987 | INFO     | test:run_experiment:49 - Dataset characteristics: {'num_node_features': 3, 'num_edge_features': 4, 'num_classes': 2, 'unique_labels': [0, 1], 'counts': [14114, 886], 'dataset': 'ieee118'}
2024-02-15 12:31:19.706 | INFO     | trainer:evaluate:152 - TP: 872, TN: 13971, FP: 143, FN: 14
2024-02-15 12:31:19.764 | INFO     | trainer:evaluate_model:255 - TEST results: {'accuracy': 0.9895333333333334, 'balanced_accuracy': 0.9870334307769913, 'sensitivity': 0.9841986455981941, 'specificity': 0.9898682159557886, 'precision': 0.8591133004926108, 'recall': 0.9841986455981941, 'f1': 0.9174118884797475, 'TP': 872, 'TN': 13971, 'FP': 143, 'FN': 14}
2024-02-15 12:31:19.766 | INFO     | test:run_experiment:47 - Training model with {'hidden_dim': 32, 'num_conv_layer': 3, 'num_linear_layers': 2, 'conv_type': 'transformer', 'pooling': 'mean', 'batch_size': 128, 'task_type': 'binary', 'dataset': 'ieee39'}
2024-02-15 12:31:19.935 | INFO     | test:run_experiment:49 - Dataset characteristics: {'num_node_features': 3, 'num_edge_features': 4, 'num_classes': 2, 'unique_labels': [0, 1], 'counts': [3113, 187], 'dataset': 'ieee39'}
2024-02-15 12:31:21.310 | INFO     | trainer:evaluate:152 - TP: 183, TN: 3022, FP: 91, FN: 4
2024-02-15 12:31:21.325 | INFO     | trainer:evaluate_model:255 - TEST results: {'accuracy': 0.9712121212121212, 'balanced_accuracy': 0.9746886869106781, 'sensitivity': 0.9786096256684492, 'specificity': 0.9707677481529071, 'precision': 0.6678832116788321, 'recall': 0.9786096256684492, 'f1': 0.7939262472885033, 'TP': 183, 'TN': 3022, 'FP': 91, 'FN': 4}
2024-02-15 12:33:19.224 | INFO     | test:run_experiment:26 - Running experiments with 4 different parameter combinations and 1 iterations.
2024-02-15 12:33:19.226 | INFO     | test:run_experiment:47 - Training model with {'hidden_dim': 32, 'num_conv_layer': 3, 'num_linear_layers': 2, 'conv_type': 'transformer', 'pooling': 'mean', 'batch_size': 128, 'task_type': 'multiclass', 'dataset': 'ieee118'}
2024-02-15 12:33:20.422 | INFO     | test:run_experiment:49 - Dataset characteristics: {'num_node_features': 3, 'num_edge_features': 4, 'num_classes': 4, 'unique_labels': [0, 1, 2, 3], 'counts': [10, 876, 301, 13813], 'dataset': 'ieee118'}
2024-02-15 12:33:28.071 | INFO     | trainer:evaluate_model:255 - TEST results: {'accuracy': 0.9724, 'balanced_accuracy': 0.9062186273167451, 'sensitivity': 0.9724, 'specificity': 0, 'precision': 0.988280940345899, 'recall': 0.9724, 'f1': 0.9791992028638097}
2024-02-15 12:33:28.074 | INFO     | test:run_experiment:47 - Training model with {'hidden_dim': 32, 'num_conv_layer': 3, 'num_linear_layers': 2, 'conv_type': 'transformer', 'pooling': 'mean', 'batch_size': 128, 'task_type': 'multiclass', 'dataset': 'ieee39'}
2024-02-15 12:33:28.230 | INFO     | test:run_experiment:49 - Dataset characteristics: {'num_node_features': 3, 'num_edge_features': 4, 'num_classes': 4, 'unique_labels': [0, 1, 2, 3], 'counts': [72, 115, 48, 3065], 'dataset': 'ieee39'}
2024-02-15 12:33:29.379 | INFO     | trainer:evaluate_model:255 - TEST results: {'accuracy': 0.9484848484848485, 'balanced_accuracy': 0.8174398450244698, 'sensitivity': 0.9484848484848485, 'specificity': 0, 'precision': 0.9650242471302699, 'recall': 0.9484848484848485, 'f1': 0.9549014881554885}
2024-02-15 12:33:29.382 | INFO     | test:run_experiment:47 - Training model with {'hidden_dim': 32, 'num_conv_layer': 3, 'num_linear_layers': 2, 'conv_type': 'transformer', 'pooling': 'mean', 'batch_size': 128, 'task_type': 'binary', 'dataset': 'ieee118'}
2024-02-15 12:33:30.452 | INFO     | test:run_experiment:49 - Dataset characteristics: {'num_node_features': 3, 'num_edge_features': 4, 'num_classes': 2, 'unique_labels': [0, 1], 'counts': [14114, 886], 'dataset': 'ieee118'}
2024-02-15 12:33:37.009 | INFO     | trainer:evaluate:152 - TP: 872, TN: 13971, FP: 143, FN: 14
2024-02-15 12:33:37.064 | INFO     | trainer:evaluate_model:255 - TEST results: {'accuracy': 0.9895333333333334, 'balanced_accuracy': 0.9870334307769913, 'sensitivity': 0.9841986455981941, 'specificity': 0.9898682159557886, 'precision': 0.8591133004926108, 'recall': 0.9841986455981941, 'f1': 0.9174118884797475, 'TP': 872, 'TN': 13971, 'FP': 143, 'FN': 14}
2024-02-15 12:33:37.067 | INFO     | test:run_experiment:47 - Training model with {'hidden_dim': 32, 'num_conv_layer': 3, 'num_linear_layers': 2, 'conv_type': 'transformer', 'pooling': 'mean', 'batch_size': 128, 'task_type': 'binary', 'dataset': 'ieee39'}
2024-02-15 12:33:37.236 | INFO     | test:run_experiment:49 - Dataset characteristics: {'num_node_features': 3, 'num_edge_features': 4, 'num_classes': 2, 'unique_labels': [0, 1], 'counts': [3113, 187], 'dataset': 'ieee39'}
2024-02-15 12:33:38.731 | INFO     | trainer:evaluate:152 - TP: 183, TN: 3022, FP: 91, FN: 4
2024-02-15 12:33:38.746 | INFO     | trainer:evaluate_model:255 - TEST results: {'accuracy': 0.9712121212121212, 'balanced_accuracy': 0.9746886869106781, 'sensitivity': 0.9786096256684492, 'specificity': 0.9707677481529071, 'precision': 0.6678832116788321, 'recall': 0.9786096256684492, 'f1': 0.7939262472885033, 'TP': 183, 'TN': 3022, 'FP': 91, 'FN': 4}
2024-02-16 11:26:47.989 | INFO     | test:run_experiment:27 - Running experiments with 4 different parameter combinations and 1 iterations.
2024-02-16 11:26:47.991 | INFO     | test:run_experiment:48 - Training model with {'hidden_dim': 32, 'num_conv_layer': 3, 'num_linear_layers': 2, 'conv_type': 'transformer', 'pooling': 'mean', 'batch_size': 128, 'task_type': 'multiclass', 'dataset': 'ieee118'}
2024-02-16 11:26:49.154 | INFO     | test:run_experiment:50 - Dataset characteristics: {'num_node_features': 3, 'num_edge_features': 4, 'num_classes': 4, 'unique_labels': [0, 1, 2, 3], 'counts': [10, 876, 301, 13813], 'dataset': 'ieee118'}
2024-02-16 11:28:07.290 | INFO     | test:run_experiment:27 - Running experiments with 4 different parameter combinations and 1 iterations.
2024-02-16 11:28:07.290 | INFO     | test:run_experiment:27 - Running experiments with 4 different parameter combinations and 1 iterations.
2024-02-16 11:28:07.294 | INFO     | test:run_experiment:48 - Training model with {'hidden_dim': 32, 'num_conv_layer': 3, 'num_linear_layers': 2, 'conv_type': 'transformer', 'pooling': 'mean', 'batch_size': 128, 'task_type': 'multiclass', 'dataset': 'ieee118'}
2024-02-16 11:28:07.294 | INFO     | test:run_experiment:48 - Training model with {'hidden_dim': 32, 'num_conv_layer': 3, 'num_linear_layers': 2, 'conv_type': 'transformer', 'pooling': 'mean', 'batch_size': 128, 'task_type': 'multiclass', 'dataset': 'ieee118'}
2024-02-16 11:28:08.298 | INFO     | test:run_experiment:50 - Dataset characteristics: {'num_node_features': 3, 'num_edge_features': 4, 'num_classes': 4, 'unique_labels': [0, 1, 2, 3], 'counts': [10, 876, 301, 13813], 'dataset': 'ieee118'}
2024-02-16 11:28:08.298 | INFO     | test:run_experiment:50 - Dataset characteristics: {'num_node_features': 3, 'num_edge_features': 4, 'num_classes': 4, 'unique_labels': [0, 1, 2, 3], 'counts': [10, 876, 301, 13813], 'dataset': 'ieee118'}
2024-02-16 11:28:14.158 | INFO     | trainer:evaluate_model:255 - TEST results: {'accuracy': 0.967, 'balanced_accuracy': 0.8279040945095137, 'sensitivity': 0.967, 'specificity': 0, 'precision': 0.9770417936237452, 'recall': 0.967, 'f1': 0.9700217737912542}
2024-02-16 11:28:14.158 | INFO     | trainer:evaluate_model:255 - TEST results: {'accuracy': 0.967, 'balanced_accuracy': 0.8279040945095137, 'sensitivity': 0.967, 'specificity': 0, 'precision': 0.9770417936237452, 'recall': 0.967, 'f1': 0.9700217737912542}
2024-02-16 11:28:14.160 | INFO     | test:run_experiment:48 - Training model with {'hidden_dim': 32, 'num_conv_layer': 3, 'num_linear_layers': 2, 'conv_type': 'transformer', 'pooling': 'mean', 'batch_size': 128, 'task_type': 'multiclass', 'dataset': 'ieee39'}
2024-02-16 11:28:14.160 | INFO     | test:run_experiment:48 - Training model with {'hidden_dim': 32, 'num_conv_layer': 3, 'num_linear_layers': 2, 'conv_type': 'transformer', 'pooling': 'mean', 'batch_size': 128, 'task_type': 'multiclass', 'dataset': 'ieee39'}
2024-02-16 11:28:14.319 | INFO     | test:run_experiment:50 - Dataset characteristics: {'num_node_features': 3, 'num_edge_features': 4, 'num_classes': 4, 'unique_labels': [0, 1, 2, 3], 'counts': [72, 115, 48, 3065], 'dataset': 'ieee39'}
2024-02-16 11:28:14.319 | INFO     | test:run_experiment:50 - Dataset characteristics: {'num_node_features': 3, 'num_edge_features': 4, 'num_classes': 4, 'unique_labels': [0, 1, 2, 3], 'counts': [72, 115, 48, 3065], 'dataset': 'ieee39'}
2024-02-16 11:28:15.203 | INFO     | trainer:evaluate_model:255 - TEST results: {'accuracy': 0.9684848484848485, 'balanced_accuracy': 0.9693555147725214, 'sensitivity': 0.9684848484848485, 'specificity': 0, 'precision': 0.9808541039143212, 'recall': 0.9684848484848485, 'f1': 0.9723787293958798}
2024-02-16 11:28:15.203 | INFO     | trainer:evaluate_model:255 - TEST results: {'accuracy': 0.9684848484848485, 'balanced_accuracy': 0.9693555147725214, 'sensitivity': 0.9684848484848485, 'specificity': 0, 'precision': 0.9808541039143212, 'recall': 0.9684848484848485, 'f1': 0.9723787293958798}
2024-02-16 11:28:15.205 | INFO     | test:run_experiment:48 - Training model with {'hidden_dim': 32, 'num_conv_layer': 3, 'num_linear_layers': 2, 'conv_type': 'transformer', 'pooling': 'mean', 'batch_size': 128, 'task_type': 'binary', 'dataset': 'ieee118'}
2024-02-16 11:28:15.205 | INFO     | test:run_experiment:48 - Training model with {'hidden_dim': 32, 'num_conv_layer': 3, 'num_linear_layers': 2, 'conv_type': 'transformer', 'pooling': 'mean', 'batch_size': 128, 'task_type': 'binary', 'dataset': 'ieee118'}
2024-02-16 11:28:16.187 | INFO     | test:run_experiment:50 - Dataset characteristics: {'num_node_features': 3, 'num_edge_features': 4, 'num_classes': 2, 'unique_labels': [0, 1], 'counts': [13813, 1187], 'dataset': 'ieee118'}
2024-02-16 11:28:16.187 | INFO     | test:run_experiment:50 - Dataset characteristics: {'num_node_features': 3, 'num_edge_features': 4, 'num_classes': 2, 'unique_labels': [0, 1], 'counts': [13813, 1187], 'dataset': 'ieee118'}
2024-02-16 11:28:21.206 | INFO     | trainer:evaluate:152 - TP: 1179, TN: 13749, FP: 64, FN: 8
2024-02-16 11:28:21.206 | INFO     | trainer:evaluate:152 - TP: 1179, TN: 13749, FP: 64, FN: 8
2024-02-16 11:28:21.262 | INFO     | trainer:evaluate_model:255 - TEST results: {'accuracy': 0.9952, 'balanced_accuracy': 0.9943135018468798, 'sensitivity': 0.9932603201347936, 'specificity': 0.9953666835589662, 'precision': 0.9485116653258246, 'recall': 0.9932603201347936, 'f1': 0.9703703703703704, 'TP': 1179, 'TN': 13749, 'FP': 64, 'FN': 8}
2024-02-16 11:28:21.262 | INFO     | trainer:evaluate_model:255 - TEST results: {'accuracy': 0.9952, 'balanced_accuracy': 0.9943135018468798, 'sensitivity': 0.9932603201347936, 'specificity': 0.9953666835589662, 'precision': 0.9485116653258246, 'recall': 0.9932603201347936, 'f1': 0.9703703703703704, 'TP': 1179, 'TN': 13749, 'FP': 64, 'FN': 8}
2024-02-16 11:28:21.264 | INFO     | test:run_experiment:48 - Training model with {'hidden_dim': 32, 'num_conv_layer': 3, 'num_linear_layers': 2, 'conv_type': 'transformer', 'pooling': 'mean', 'batch_size': 128, 'task_type': 'binary', 'dataset': 'ieee39'}
2024-02-16 11:28:21.264 | INFO     | test:run_experiment:48 - Training model with {'hidden_dim': 32, 'num_conv_layer': 3, 'num_linear_layers': 2, 'conv_type': 'transformer', 'pooling': 'mean', 'batch_size': 128, 'task_type': 'binary', 'dataset': 'ieee39'}
2024-02-16 11:28:21.439 | INFO     | test:run_experiment:50 - Dataset characteristics: {'num_node_features': 3, 'num_edge_features': 4, 'num_classes': 2, 'unique_labels': [0, 1], 'counts': [3065, 235], 'dataset': 'ieee39'}
2024-02-16 11:28:21.439 | INFO     | test:run_experiment:50 - Dataset characteristics: {'num_node_features': 3, 'num_edge_features': 4, 'num_classes': 2, 'unique_labels': [0, 1], 'counts': [3065, 235], 'dataset': 'ieee39'}
2024-02-16 11:28:22.455 | INFO     | trainer:evaluate:152 - TP: 235, TN: 3034, FP: 31, FN: 0
2024-02-16 11:28:22.455 | INFO     | trainer:evaluate:152 - TP: 235, TN: 3034, FP: 31, FN: 0
2024-02-16 11:28:22.470 | INFO     | trainer:evaluate_model:255 - TEST results: {'accuracy': 0.9906060606060606, 'balanced_accuracy': 0.9949429037520392, 'sensitivity': 1.0, 'specificity': 0.9898858075040783, 'precision': 0.8834586466165414, 'recall': 1.0, 'f1': 0.93812375249501, 'TP': 235, 'TN': 3034, 'FP': 31, 'FN': 0}
2024-02-16 11:28:22.470 | INFO     | trainer:evaluate_model:255 - TEST results: {'accuracy': 0.9906060606060606, 'balanced_accuracy': 0.9949429037520392, 'sensitivity': 1.0, 'specificity': 0.9898858075040783, 'precision': 0.8834586466165414, 'recall': 1.0, 'f1': 0.93812375249501, 'TP': 235, 'TN': 3034, 'FP': 31, 'FN': 0}
2024-02-16 11:28:55.137 | INFO     | test:run_experiment:27 - Running experiments with 4 different parameter combinations and 1 iterations.
2024-02-16 11:28:55.137 | INFO     | test:run_experiment:27 - Running experiments with 4 different parameter combinations and 1 iterations.
2024-02-16 11:28:55.137 | INFO     | test:run_experiment:27 - Running experiments with 4 different parameter combinations and 1 iterations.
2024-02-16 11:28:55.141 | INFO     | test:run_experiment:48 - Training model with {'hidden_dim': 32, 'num_conv_layer': 3, 'num_linear_layers': 2, 'conv_type': 'transformer', 'pooling': 'mean', 'batch_size': 128, 'task_type': 'multiclass', 'dataset': 'ieee118'}
2024-02-16 11:28:55.141 | INFO     | test:run_experiment:48 - Training model with {'hidden_dim': 32, 'num_conv_layer': 3, 'num_linear_layers': 2, 'conv_type': 'transformer', 'pooling': 'mean', 'batch_size': 128, 'task_type': 'multiclass', 'dataset': 'ieee118'}
2024-02-16 11:28:55.141 | INFO     | test:run_experiment:48 - Training model with {'hidden_dim': 32, 'num_conv_layer': 3, 'num_linear_layers': 2, 'conv_type': 'transformer', 'pooling': 'mean', 'batch_size': 128, 'task_type': 'multiclass', 'dataset': 'ieee118'}
2024-02-16 11:28:56.121 | INFO     | test:run_experiment:50 - Dataset characteristics: {'num_node_features': 3, 'num_edge_features': 4, 'num_classes': 4, 'unique_labels': [0, 1, 2, 3], 'counts': [10, 876, 301, 13813], 'dataset': 'ieee118'}
2024-02-16 11:28:56.121 | INFO     | test:run_experiment:50 - Dataset characteristics: {'num_node_features': 3, 'num_edge_features': 4, 'num_classes': 4, 'unique_labels': [0, 1, 2, 3], 'counts': [10, 876, 301, 13813], 'dataset': 'ieee118'}
2024-02-16 11:28:56.121 | INFO     | test:run_experiment:50 - Dataset characteristics: {'num_node_features': 3, 'num_edge_features': 4, 'num_classes': 4, 'unique_labels': [0, 1, 2, 3], 'counts': [10, 876, 301, 13813], 'dataset': 'ieee118'}
2024-02-16 11:29:01.188 | INFO     | trainer:evaluate_model:255 - TEST results: {'accuracy': 0.967, 'balanced_accuracy': 0.8279040945095137, 'sensitivity': 0.967, 'specificity': 0, 'precision': 0.9770417936237452, 'recall': 0.967, 'f1': 0.9700217737912542}
2024-02-16 11:29:01.188 | INFO     | trainer:evaluate_model:255 - TEST results: {'accuracy': 0.967, 'balanced_accuracy': 0.8279040945095137, 'sensitivity': 0.967, 'specificity': 0, 'precision': 0.9770417936237452, 'recall': 0.967, 'f1': 0.9700217737912542}
2024-02-16 11:29:01.188 | INFO     | trainer:evaluate_model:255 - TEST results: {'accuracy': 0.967, 'balanced_accuracy': 0.8279040945095137, 'sensitivity': 0.967, 'specificity': 0, 'precision': 0.9770417936237452, 'recall': 0.967, 'f1': 0.9700217737912542}
2024-02-16 11:29:01.190 | INFO     | test:run_experiment:48 - Training model with {'hidden_dim': 32, 'num_conv_layer': 3, 'num_linear_layers': 2, 'conv_type': 'transformer', 'pooling': 'mean', 'batch_size': 128, 'task_type': 'multiclass', 'dataset': 'ieee39'}
2024-02-16 11:29:01.190 | INFO     | test:run_experiment:48 - Training model with {'hidden_dim': 32, 'num_conv_layer': 3, 'num_linear_layers': 2, 'conv_type': 'transformer', 'pooling': 'mean', 'batch_size': 128, 'task_type': 'multiclass', 'dataset': 'ieee39'}
2024-02-16 11:29:01.190 | INFO     | test:run_experiment:48 - Training model with {'hidden_dim': 32, 'num_conv_layer': 3, 'num_linear_layers': 2, 'conv_type': 'transformer', 'pooling': 'mean', 'batch_size': 128, 'task_type': 'multiclass', 'dataset': 'ieee39'}
2024-02-16 11:29:01.348 | INFO     | test:run_experiment:50 - Dataset characteristics: {'num_node_features': 3, 'num_edge_features': 4, 'num_classes': 4, 'unique_labels': [0, 1, 2, 3], 'counts': [72, 115, 48, 3065], 'dataset': 'ieee39'}
2024-02-16 11:29:01.348 | INFO     | test:run_experiment:50 - Dataset characteristics: {'num_node_features': 3, 'num_edge_features': 4, 'num_classes': 4, 'unique_labels': [0, 1, 2, 3], 'counts': [72, 115, 48, 3065], 'dataset': 'ieee39'}
2024-02-16 11:29:01.348 | INFO     | test:run_experiment:50 - Dataset characteristics: {'num_node_features': 3, 'num_edge_features': 4, 'num_classes': 4, 'unique_labels': [0, 1, 2, 3], 'counts': [72, 115, 48, 3065], 'dataset': 'ieee39'}
2024-02-16 11:29:02.219 | INFO     | trainer:evaluate_model:255 - TEST results: {'accuracy': 0.9684848484848485, 'balanced_accuracy': 0.9693555147725214, 'sensitivity': 0.9684848484848485, 'specificity': 0, 'precision': 0.9808541039143212, 'recall': 0.9684848484848485, 'f1': 0.9723787293958798}
2024-02-16 11:29:02.219 | INFO     | trainer:evaluate_model:255 - TEST results: {'accuracy': 0.9684848484848485, 'balanced_accuracy': 0.9693555147725214, 'sensitivity': 0.9684848484848485, 'specificity': 0, 'precision': 0.9808541039143212, 'recall': 0.9684848484848485, 'f1': 0.9723787293958798}
2024-02-16 11:29:02.219 | INFO     | trainer:evaluate_model:255 - TEST results: {'accuracy': 0.9684848484848485, 'balanced_accuracy': 0.9693555147725214, 'sensitivity': 0.9684848484848485, 'specificity': 0, 'precision': 0.9808541039143212, 'recall': 0.9684848484848485, 'f1': 0.9723787293958798}
2024-02-16 11:29:02.220 | INFO     | test:run_experiment:48 - Training model with {'hidden_dim': 32, 'num_conv_layer': 3, 'num_linear_layers': 2, 'conv_type': 'transformer', 'pooling': 'mean', 'batch_size': 128, 'task_type': 'binary', 'dataset': 'ieee118'}
2024-02-16 11:29:02.220 | INFO     | test:run_experiment:48 - Training model with {'hidden_dim': 32, 'num_conv_layer': 3, 'num_linear_layers': 2, 'conv_type': 'transformer', 'pooling': 'mean', 'batch_size': 128, 'task_type': 'binary', 'dataset': 'ieee118'}
2024-02-16 11:29:02.220 | INFO     | test:run_experiment:48 - Training model with {'hidden_dim': 32, 'num_conv_layer': 3, 'num_linear_layers': 2, 'conv_type': 'transformer', 'pooling': 'mean', 'batch_size': 128, 'task_type': 'binary', 'dataset': 'ieee118'}
2024-02-16 11:29:03.277 | INFO     | test:run_experiment:50 - Dataset characteristics: {'num_node_features': 3, 'num_edge_features': 4, 'num_classes': 2, 'unique_labels': [0, 1], 'counts': [13813, 1187], 'dataset': 'ieee118'}
2024-02-16 11:29:03.277 | INFO     | test:run_experiment:50 - Dataset characteristics: {'num_node_features': 3, 'num_edge_features': 4, 'num_classes': 2, 'unique_labels': [0, 1], 'counts': [13813, 1187], 'dataset': 'ieee118'}
2024-02-16 11:29:03.277 | INFO     | test:run_experiment:50 - Dataset characteristics: {'num_node_features': 3, 'num_edge_features': 4, 'num_classes': 2, 'unique_labels': [0, 1], 'counts': [13813, 1187], 'dataset': 'ieee118'}
2024-02-16 11:29:08.208 | INFO     | trainer:evaluate:152 - TP: 1179, TN: 13749, FP: 64, FN: 8
2024-02-16 11:29:08.208 | INFO     | trainer:evaluate:152 - TP: 1179, TN: 13749, FP: 64, FN: 8
2024-02-16 11:29:08.208 | INFO     | trainer:evaluate:152 - TP: 1179, TN: 13749, FP: 64, FN: 8
2024-02-16 11:29:08.263 | INFO     | trainer:evaluate_model:255 - TEST results: {'accuracy': 0.9952, 'balanced_accuracy': 0.9943135018468798, 'sensitivity': 0.9932603201347936, 'specificity': 0.9953666835589662, 'precision': 0.9485116653258246, 'recall': 0.9932603201347936, 'f1': 0.9703703703703704, 'TP': 1179, 'TN': 13749, 'FP': 64, 'FN': 8}
2024-02-16 11:29:08.263 | INFO     | trainer:evaluate_model:255 - TEST results: {'accuracy': 0.9952, 'balanced_accuracy': 0.9943135018468798, 'sensitivity': 0.9932603201347936, 'specificity': 0.9953666835589662, 'precision': 0.9485116653258246, 'recall': 0.9932603201347936, 'f1': 0.9703703703703704, 'TP': 1179, 'TN': 13749, 'FP': 64, 'FN': 8}
2024-02-16 11:29:08.263 | INFO     | trainer:evaluate_model:255 - TEST results: {'accuracy': 0.9952, 'balanced_accuracy': 0.9943135018468798, 'sensitivity': 0.9932603201347936, 'specificity': 0.9953666835589662, 'precision': 0.9485116653258246, 'recall': 0.9932603201347936, 'f1': 0.9703703703703704, 'TP': 1179, 'TN': 13749, 'FP': 64, 'FN': 8}
2024-02-16 11:29:08.265 | INFO     | test:run_experiment:48 - Training model with {'hidden_dim': 32, 'num_conv_layer': 3, 'num_linear_layers': 2, 'conv_type': 'transformer', 'pooling': 'mean', 'batch_size': 128, 'task_type': 'binary', 'dataset': 'ieee39'}
2024-02-16 11:29:08.265 | INFO     | test:run_experiment:48 - Training model with {'hidden_dim': 32, 'num_conv_layer': 3, 'num_linear_layers': 2, 'conv_type': 'transformer', 'pooling': 'mean', 'batch_size': 128, 'task_type': 'binary', 'dataset': 'ieee39'}
2024-02-16 11:29:08.265 | INFO     | test:run_experiment:48 - Training model with {'hidden_dim': 32, 'num_conv_layer': 3, 'num_linear_layers': 2, 'conv_type': 'transformer', 'pooling': 'mean', 'batch_size': 128, 'task_type': 'binary', 'dataset': 'ieee39'}
2024-02-16 11:29:08.439 | INFO     | test:run_experiment:50 - Dataset characteristics: {'num_node_features': 3, 'num_edge_features': 4, 'num_classes': 2, 'unique_labels': [0, 1], 'counts': [3065, 235], 'dataset': 'ieee39'}
2024-02-16 11:29:08.439 | INFO     | test:run_experiment:50 - Dataset characteristics: {'num_node_features': 3, 'num_edge_features': 4, 'num_classes': 2, 'unique_labels': [0, 1], 'counts': [3065, 235], 'dataset': 'ieee39'}
2024-02-16 11:29:08.439 | INFO     | test:run_experiment:50 - Dataset characteristics: {'num_node_features': 3, 'num_edge_features': 4, 'num_classes': 2, 'unique_labels': [0, 1], 'counts': [3065, 235], 'dataset': 'ieee39'}
2024-02-16 11:29:09.341 | INFO     | trainer:evaluate:152 - TP: 235, TN: 3034, FP: 31, FN: 0
2024-02-16 11:29:09.341 | INFO     | trainer:evaluate:152 - TP: 235, TN: 3034, FP: 31, FN: 0
2024-02-16 11:29:09.341 | INFO     | trainer:evaluate:152 - TP: 235, TN: 3034, FP: 31, FN: 0
2024-02-16 11:29:09.355 | INFO     | trainer:evaluate_model:255 - TEST results: {'accuracy': 0.9906060606060606, 'balanced_accuracy': 0.9949429037520392, 'sensitivity': 1.0, 'specificity': 0.9898858075040783, 'precision': 0.8834586466165414, 'recall': 1.0, 'f1': 0.93812375249501, 'TP': 235, 'TN': 3034, 'FP': 31, 'FN': 0}
2024-02-16 11:29:09.355 | INFO     | trainer:evaluate_model:255 - TEST results: {'accuracy': 0.9906060606060606, 'balanced_accuracy': 0.9949429037520392, 'sensitivity': 1.0, 'specificity': 0.9898858075040783, 'precision': 0.8834586466165414, 'recall': 1.0, 'f1': 0.93812375249501, 'TP': 235, 'TN': 3034, 'FP': 31, 'FN': 0}
2024-02-16 11:29:09.355 | INFO     | trainer:evaluate_model:255 - TEST results: {'accuracy': 0.9906060606060606, 'balanced_accuracy': 0.9949429037520392, 'sensitivity': 1.0, 'specificity': 0.9898858075040783, 'precision': 0.8834586466165414, 'recall': 1.0, 'f1': 0.93812375249501, 'TP': 235, 'TN': 3034, 'FP': 31, 'FN': 0}
